::1 - - [25/Feb/2024:13:42:02 +0300] "GET / HTTP/1.1" 200 383
::1 - - [25/Feb/2024:13:42:02 +0300] "GET /favicon.ico HTTP/1.1" 404 196
::1 - - [25/Feb/2024:13:42:15 +0300] "GET /pp_dz2_php/ HTTP/1.1" 200 326
::1 - - [25/Feb/2024:13:43:11 +0300] "GET /pp_dz2_php/ HTTP/1.1" 200 324
::1 - - [25/Feb/2024:13:43:42 +0300] "GET /pp_dz2_php/ HTTP/1.1" 200 322
::1 - - [25/Feb/2024:13:44:42 +0300] "-" 408 -
::1 - - [25/Feb/2024:13:46:29 +0300] "GET /pp_dz2_php/ HTTP/1.1" 200 322
::1 - - [25/Feb/2024:13:47:29 +0300] "-" 408 -
::1 - - [25/Feb/2024:13:47:41 +0300] "GET /pp_dz2_php/ HTTP/1.1" 304 -
::1 - - [25/Feb/2024:13:47:42 +0300] "GET /pp_dz2_php/ HTTP/1.1" 304 -
::1 - - [25/Feb/2024:13:47:48 +0300] "GET /pp_dz2_php/ HTTP/1.1" 200 338
::1 - - [25/Feb/2024:13:48:17 +0300] "GET /pp_dz2_php/ HTTP/1.1" 200 346
::1 - - [25/Feb/2024:13:49:17 +0300] "-" 408 -
::1 - - [25/Feb/2024:13:51:22 +0300] "GET /pp_dz2_php/ HTTP/1.1" 200 350
::1 - - [25/Feb/2024:13:52:22 +0300] "-" 408 -
::1 - - [25/Feb/2024:14:00:04 +0300] "GET /pp_dz2_php/ HTTP/1.1" 200 1123
::1 - - [25/Feb/2024:14:01:04 +0300] "-" 408 -
::1 - - [25/Feb/2024:14:01:28 +0300] "GET /pp_dz2_php/ HTTP/1.1" 200 192
::1 - - [25/Feb/2024:14:02:28 +0300] "-" 408 -
::1 - - [25/Feb/2024:14:19:20 +0300] "GET /pp_dz2_php/ HTTP/1.1" 200 454
::1 - - [25/Feb/2024:14:20:20 +0300] "-" 408 -
::1 - - [25/Feb/2024:14:21:31 +0300] "GET /pp_dz2_php/ HTTP/1.1" 200 454
::1 - - [25/Feb/2024:14:22:31 +0300] "-" 408 -
::1 - - [25/Feb/2024:14:32:32 +0300] "GET /pp_dz2_php/ HTTP/1.1" 200 427
::1 - - [25/Feb/2024:14:32:34 +0300] "GET /pp_dz2_php/ HTTP/1.1" 200 427
::1 - - [25/Feb/2024:14:33:19 +0300] "GET /pp_dz2_php/ HTTP/1.1" 200 410
::1 - - [25/Feb/2024:14:34:19 +0300] "-" 408 -
::1 - - [25/Feb/2024:14:38:41 +0300] "GET /pp_dz2_php/ HTTP/1.1" 200 5301
::1 - - [25/Feb/2024:14:39:17 +0300] "GET /pp_dz2_php/ HTTP/1.1" 200 657
::1 - - [25/Feb/2024:14:40:17 +0300] "-" 408 -
::1 - - [25/Feb/2024:14:40:18 +0300] "GET /pp_dz2_php/ HTTP/1.1" 200 669
::1 - - [25/Feb/2024:14:40:41 +0300] "GET / HTTP/1.1" 200 383
::1 - - [25/Feb/2024:14:42:06 +0300] "GET /pp_dz2_php/ HTTP/1.1" 200 697
::1 - - [25/Feb/2024:14:42:07 +0300] "GET /pp_dz2_php/ HTTP/1.1" 200 697
::1 - - [25/Feb/2024:14:42:08 +0300] "GET /pp_dz2_php/ HTTP/1.1" 200 697
::1 - - [25/Feb/2024:14:42:40 +0300] "GET /pp_dz2_php/ HTTP/1.1" 200 695
::1 - - [25/Feb/2024:14:42:40 +0300] "GET /pp_dz2_php/ HTTP/1.1" 200 695
::1 - - [25/Feb/2024:14:43:40 +0300] "-" 408 -
::1 - - [25/Feb/2024:14:44:31 +0300] "GET /pp_dz2_php/ HTTP/1.1" 200 705
::1 - - [25/Feb/2024:14:44:33 +0300] "GET /pp_dz2_php/ HTTP/1.1" 200 705
::1 - - [25/Feb/2024:14:44:44 +0300] "GET /pp_dz2_php/ HTTP/1.1" 200 707
::1 - - [25/Feb/2024:14:44:54 +0300] "GET /pp_dz2_php/ HTTP/1.1" 200 680
::1 - - [25/Feb/2024:14:45:38 +0300] "GET /pp_dz2_php/ HTTP/1.1" 200 707
::1 - - [25/Feb/2024:14:45:47 +0300] "GET /pp_dz2_php/ HTTP/1.1" 200 709
::1 - - [25/Feb/2024:14:46:04 +0300] "GET /pp_dz2_php/ HTTP/1.1" 200 682
::1 - - [25/Feb/2024:14:47:04 +0300] "-" 408 -
::1 - - [25/Feb/2024:14:47:38 +0300] "GET /pp_dz2_php/ HTTP/1.1" 200 680
::1 - - [25/Feb/2024:14:47:40 +0300] "GET /pp_dz2_php/ HTTP/1.1" 200 680
::1 - - [25/Feb/2024:14:48:38 +0300] "-" 408 -
::1 - - [25/Feb/2024:14:49:05 +0300] "GET /pp_dz2_php/ HTTP/1.1" 200 682
::1 - - [25/Feb/2024:14:49:33 +0300] "GET /pp_dz2_php/ HTTP/1.1" 200 705
::1 - - [25/Feb/2024:14:49:53 +0300] "GET /pp_dz2_php/ HTTP/1.1" 200 705
::1 - - [25/Feb/2024:14:50:53 +0300] "-" 408 -
::1 - - [25/Feb/2024:14:52:30 +0300] "GET /pp_dz2_php/ HTTP/1.1" 200 717
::1 - - [25/Feb/2024:14:52:54 +0300] "GET /pp_dz2_php/ HTTP/1.1" 200 730
::1 - - [25/Feb/2024:14:52:59 +0300] "GET /pp_dz2_php/ HTTP/1.1" 200 730
::1 - - [25/Feb/2024:14:53:54 +0300] "-" 408 -
::1 - - [25/Feb/2024:14:56:47 +0300] "GET /pp_dz2_php/ HTTP/1.1" 200 1200
::1 - - [25/Feb/2024:14:57:05 +0300] "GET /pp_dz2_php/ HTTP/1.1" 200 1218
::1 - - [25/Feb/2024:14:57:37 +0300] "GET /pp_dz2_php/ HTTP/1.1" 200 1227
::1 - - [25/Feb/2024:14:58:37 +0300] "-" 408 -
::1 - - [25/Feb/2024:14:58:56 +0300] "GET /pp_dz2_php/ HTTP/1.1" 200 1209
::1 - - [25/Feb/2024:14:59:56 +0300] "-" 408 -
::1 - - [25/Feb/2024:14:59:57 +0300] "GET /pp_dz2_php/ HTTP/1.1" 200 1209
::1 - - [25/Feb/2024:15:00:10 +0300] "GET / HTTP/1.1" 200 383
::1 - - [25/Feb/2024:15:02:16 +0300] "GET /pp_dz2_php/ HTTP/1.1" 200 1344
::1 - - [25/Feb/2024:15:02:20 +0300] "GET /pp_dz2_php/ HTTP/1.1" 200 1344
::1 - - [25/Feb/2024:15:02:49 +0300] "GET /pp_dz2_php/ HTTP/1.1" 200 1335
::1 - - [25/Feb/2024:15:03:49 +0300] "-" 408 -
::1 - - [25/Feb/2024:15:25:19 +0300] "GET /pp_dz2_php/ HTTP/1.1" 200 1354
::1 - - [25/Feb/2024:15:25:21 +0300] "GET /pp_dz2_php/ HTTP/1.1" 200 1354
::1 - - [25/Feb/2024:15:26:19 +0300] "-" 408 -
::1 - - [25/Feb/2024:15:26:33 +0300] "GET /pp_dz2_php/ HTTP/1.1" 200 1393
::1 - - [25/Feb/2024:15:26:36 +0300] "GET /pp_dz2_php/ HTTP/1.1" 200 1393
::1 - - [25/Feb/2024:15:27:11 +0300] "GET /pp_dz2_php/ HTTP/1.1" 200 1393
::1 - - [25/Feb/2024:15:28:11 +0300] "-" 408 -
::1 - - [25/Feb/2024:15:30:14 +0300] "GET /pp_dz2_php/ HTTP/1.1" 200 1394
::1 - - [25/Feb/2024:15:30:15 +0300] "GET /pp_dz2_php/ HTTP/1.1" 200 1394
::1 - - [25/Feb/2024:15:30:24 +0300] "GET /pp_dz2_php/ HTTP/1.1" 200 1394
::1 - - [25/Feb/2024:15:30:46 +0300] "GET /pp_dz2_php/ HTTP/1.1" 200 1395
::1 - - [25/Feb/2024:15:30:47 +0300] "GET /pp_dz2_php/ HTTP/1.1" 200 1395
::1 - - [25/Feb/2024:15:31:33 +0300] "GET /pp_dz2_php/ HTTP/1.1" 200 1421
::1 - - [25/Feb/2024:15:32:22 +0300] "GET /pp_dz2_php/ HTTP/1.1" 200 1421
::1 - - [25/Feb/2024:15:33:02 +0300] "GET /pp_dz2_php/ HTTP/1.1" 200 1432
::1 - - [25/Feb/2024:15:33:13 +0300] "GET /pp_dz2_php/ HTTP/1.1" 200 1431
::1 - - [25/Feb/2024:15:33:37 +0300] "GET /pp_dz2_php/ HTTP/1.1" 200 1440
::1 - - [25/Feb/2024:15:34:37 +0300] "-" 408 -
::1 - - [25/Feb/2024:15:35:01 +0300] "GET /pp_dz2_php/ HTTP/1.1" 200 1446
::1 - - [25/Feb/2024:15:35:01 +0300] "GET /pp_dz2_php/localhost/pp_dz2_php/styles.css HTTP/1.1" 404 196
::1 - - [25/Feb/2024:15:36:01 +0300] "-" 408 -
::1 - - [25/Feb/2024:15:36:39 +0300] "GET /pp_dz2_php/ HTTP/1.1" 200 1426
::1 - - [25/Feb/2024:15:36:39 +0300] "GET /styles.css HTTP/1.1" 404 196
::1 - - [25/Feb/2024:15:36:40 +0300] "GET /pp_dz2_php/ HTTP/1.1" 200 1426
::1 - - [25/Feb/2024:15:36:40 +0300] "GET /styles.css HTTP/1.1" 404 196
::1 - - [25/Feb/2024:15:37:39 +0300] "-" 408 -
::1 - - [25/Feb/2024:15:39:17 +0300] "GET /pp_dz2_php/ HTTP/1.1" 200 1466
::1 - - [25/Feb/2024:15:39:17 +0300] "GET /styles.css HTTP/1.1" 404 196
::1 - - [25/Feb/2024:15:39:41 +0300] "GET /pp_dz2_php/ HTTP/1.1" 200 1466
::1 - - [25/Feb/2024:15:39:41 +0300] "GET /styles.css HTTP/1.1" 404 196
::1 - - [25/Feb/2024:15:39:42 +0300] "GET /pp_dz2_php/ HTTP/1.1" 200 1466
::1 - - [25/Feb/2024:15:39:42 +0300] "GET /styles.css HTTP/1.1" 404 196
::1 - - [25/Feb/2024:15:40:17 +0300] "GET /pp_dz2_php/ HTTP/1.1" 200 1467
::1 - - [25/Feb/2024:15:40:17 +0300] "GET /styles.css/ HTTP/1.1" 404 196
::1 - - [25/Feb/2024:15:40:17 +0300] "GET /styles.css HTTP/1.1" 404 196
::1 - - [25/Feb/2024:15:40:19 +0300] "GET /pp_dz2_php/ HTTP/1.1" 200 1467
::1 - - [25/Feb/2024:15:40:19 +0300] "GET /styles.css/ HTTP/1.1" 404 196
::1 - - [25/Feb/2024:15:40:19 +0300] "GET /styles.css HTTP/1.1" 404 196
::1 - - [25/Feb/2024:15:41:17 +0300] "-" 408 -
::1 - - [25/Feb/2024:15:42:45 +0300] "GET /pp_dz2_php/ HTTP/1.1" 200 1541
::1 - - [25/Feb/2024:15:42:45 +0300] "GET /styles.css HTTP/1.1" 404 196
::1 - - [25/Feb/2024:15:42:45 +0300] "GET /pp_dz2_php/styles.css HTTP/1.1" 200 227
::1 - - [25/Feb/2024:15:43:45 +0300] "-" 408 -
::1 - - [25/Feb/2024:15:43:57 +0300] "GET /pp_dz2_php/ HTTP/1.1" 200 1459
::1 - - [25/Feb/2024:15:43:57 +0300] "GET /pp_dz2_php/styles.css HTTP/1.1" 200 227
::1 - - [25/Feb/2024:15:44:35 +0300] "GET /pp_dz2_php/ HTTP/1.1" 200 1459
::1 - - [25/Feb/2024:15:44:35 +0300] "GET /pp_dz2_php/styles.css HTTP/1.1" 200 229
::1 - - [25/Feb/2024:15:45:35 +0300] "-" 408 -
::1 - - [25/Feb/2024:15:46:18 +0300] "GET /pp_dz2_php/ HTTP/1.1" 200 1398
::1 - - [25/Feb/2024:15:46:18 +0300] "GET /pp_dz2_php/styles.css HTTP/1.1" 200 238
::1 - - [25/Feb/2024:15:47:18 +0300] "-" 408 -
::1 - - [25/Feb/2024:15:48:13 +0300] "GET /pp_dz2_php/ HTTP/1.1" 200 876
::1 - - [25/Feb/2024:15:48:13 +0300] "GET /pp_dz2_php/styles.css HTTP/1.1" 200 335
::1 - - [25/Feb/2024:15:48:20 +0300] "GET /pp_dz2_php/ HTTP/1.1" 200 876
::1 - - [25/Feb/2024:15:48:20 +0300] "GET /pp_dz2_php/styles.css HTTP/1.1" 304 -
::1 - - [25/Feb/2024:15:49:20 +0300] "-" 408 -
::1 - - [25/Feb/2024:15:49:26 +0300] "-" 408 -
::1 - - [25/Feb/2024:15:50:49 +0300] "GET /pp_dz2_php/ HTTP/1.1" 200 849
::1 - - [25/Feb/2024:15:50:49 +0300] "GET /pp_dz2_php/styles.css HTTP/1.1" 304 -
::1 - - [25/Feb/2024:15:51:05 +0300] "GET /pp_dz2_php/ HTTP/1.1" 200 876
::1 - - [25/Feb/2024:15:51:25 +0300] "GET /pp_dz2_php/ HTTP/1.1" 200 876
::1 - - [25/Feb/2024:15:51:25 +0300] "GET /pp_dz2_php/styles.css HTTP/1.1" 200 334
::1 - - [25/Feb/2024:15:51:53 +0300] "GET /pp_dz2_php/ HTTP/1.1" 200 876
::1 - - [25/Feb/2024:15:51:53 +0300] "GET /pp_dz2_php/styles.css HTTP/1.1" 304 -
::1 - - [25/Feb/2024:15:52:42 +0300] "GET /pp_dz2_php/ HTTP/1.1" 200 1400
::1 - - [25/Feb/2024:15:52:42 +0300] "GET /pp_dz2_php/styles.css HTTP/1.1" 304 -
::1 - - [25/Feb/2024:15:53:42 +0300] "-" 408 -
::1 - - [25/Feb/2024:15:54:33 +0300] "GET /pp_dz2_php/ HTTP/1.1" 200 1354
::1 - - [25/Feb/2024:15:55:13 +0300] "GET /pp_dz2_php/ HTTP/1.1" 200 1429
::1 - - [25/Feb/2024:15:55:13 +0300] "GET /pp_dz2_php/styles.css HTTP/1.1" 304 -
::1 - - [25/Feb/2024:15:55:15 +0300] "GET /pp_dz2_php/ HTTP/1.1" 200 1429
::1 - - [25/Feb/2024:15:56:13 +0300] "-" 408 -
::1 - - [25/Feb/2024:15:57:12 +0300] "GET /pp_dz2_php/ HTTP/1.1" 200 1381
::1 - - [25/Feb/2024:15:57:12 +0300] "GET /pp_dz2_php/styles.css HTTP/1.1" 200 350
::1 - - [25/Feb/2024:15:57:47 +0300] "GET /pp_dz2_php/ HTTP/1.1" 200 1382
::1 - - [25/Feb/2024:15:57:47 +0300] "GET /pp_dz2_php/styles.css HTTP/1.1" 200 352
::1 - - [25/Feb/2024:15:58:47 +0300] "-" 408 -
::1 - - [25/Feb/2024:15:58:52 +0300] "GET /pp_dz2_php/ HTTP/1.1" 200 1382
::1 - - [25/Feb/2024:15:58:52 +0300] "GET /pp_dz2_php/styles.css HTTP/1.1" 200 353
::1 - - [25/Feb/2024:15:59:52 +0300] "-" 408 -
::1 - - [25/Feb/2024:16:00:31 +0300] "GET /pp_dz2_php/ HTTP/1.1" 200 1394
::1 - - [25/Feb/2024:16:00:31 +0300] "GET /pp_dz2_php/styles.css HTTP/1.1" 200 334
::1 - - [25/Feb/2024:16:01:07 +0300] "GET /pp_dz2_php/ HTTP/1.1" 200 1442
::1 - - [25/Feb/2024:16:02:07 +0300] "-" 408 -
::1 - - [25/Feb/2024:16:03:11 +0300] "GET /pp_dz2_php/ HTTP/1.1" 200 1578
::1 - - [25/Feb/2024:16:04:11 +0300] "-" 408 -
::1 - - [25/Feb/2024:16:08:17 +0300] "GET /pp_dz2_php/ HTTP/1.1" 200 957
::1 - - [25/Feb/2024:16:08:35 +0300] "GET /pp_dz2_php/ HTTP/1.1" 200 948
::1 - - [25/Feb/2024:16:08:35 +0300] "GET /pp_dz2_php/styles.css HTTP/1.1" 200 350
::1 - - [25/Feb/2024:16:08:58 +0300] "GET /pp_dz2_php/ HTTP/1.1" 200 1578
::1 - - [25/Feb/2024:16:09:58 +0300] "-" 408 -
