[Tue Mar 12 20:38:09.143354 2024] [mpm_winnt:notice] [pid 4232:tid 424] AH00455: Apache/2.4.58 (Win64) PHP/8.3.3 configured -- resuming normal operations
[Tue Mar 12 20:38:09.143354 2024] [mpm_winnt:notice] [pid 4232:tid 424] AH00456: Apache Lounge VS17 Server built: Jan 30 2024 19:01:23
[Tue Mar 12 20:38:09.143354 2024] [core:notice] [pid 4232:tid 424] AH00094: Command line: 'C:\\Apache24\\bin\\httpd.exe -d C:/Apache24'
[Tue Mar 12 20:38:09.158985 2024] [mpm_winnt:notice] [pid 4232:tid 424] AH00418: Parent: Created child process 10544
Apache server shutdown initiated...
pm_winnt:notice] [pid 10544:tid 428] AH00354: Child: Starting 64 worker threads.
[Tue Mar 12 21:50:08.566184 2024] [php:warn] [pid 10544:tid 1100] [client ::1:54244] PHP Warning:  file_get_contents(meta.txt): Failed to open stream: No such file or directory in C:\\localhost\\pp_dz3_php\\index.php on line 128, referer: http://localhost/
[Tue Mar 12 21:50:08.568941 2024] [php:warn] [pid 10544:tid 1100] [client ::1:54244] PHP Warning:  file_get_contents(meta.txt): Failed to open stream: No such file or directory in C:\\localhost\\pp_dz3_php\\index.php on line 128, referer: http://localhost/
[Tue Mar 12 21:50:08.569943 2024] [php:warn] [pid 10544:tid 1100] [client ::1:54244] PHP Warning:  file_get_contents(meta.txt): Failed to open stream: No such file or directory in C:\\localhost\\pp_dz3_php\\index.php on line 128, referer: http://localhost/
[Tue Mar 12 21:58:04.541935 2024] [php:warn] [pid 10544:tid 1100] [client ::1:54264] PHP Warning:  file_get_contents(meta.txt): Failed to open stream: No such file or directory in C:\\localhost\\pp_dz3_php\\index.php on line 128, referer: http://localhost/
[Tue Mar 12 21:58:04.542935 2024] [php:warn] [pid 10544:tid 1100] [client ::1:54264] PHP Warning:  file_get_contents(meta.txt): Failed to open stream: No such file or directory in C:\\localhost\\pp_dz3_php\\index.php on line 128, referer: http://localhost/
[Tue Mar 12 21:58:04.543932 2024] [php:warn] [pid 10544:tid 1100] [client ::1:54264] PHP Warning:  file_get_contents(meta.txt): Failed to open stream: No such file or directory in C:\\localhost\\pp_dz3_php\\index.php on line 128, referer: http://localhost/
[Tue Mar 12 21:58:22.733761 2024] [php:warn] [pid 10544:tid 1092] [client ::1:54265] PHP Warning:  file_get_contents($metaTxt): Failed to open stream: No such file or directory in C:\\localhost\\pp_dz3_php\\index.php on line 128, referer: http://localhost/
[Tue Mar 12 21:58:22.734760 2024] [php:warn] [pid 10544:tid 1092] [client ::1:54265] PHP Warning:  file_get_contents($metaTxt): Failed to open stream: No such file or directory in C:\\localhost\\pp_dz3_php\\index.php on line 128, referer: http://localhost/
[Tue Mar 12 21:58:22.735759 2024] [php:warn] [pid 10544:tid 1092] [client ::1:54265] PHP Warning:  file_get_contents($metaTxt): Failed to open stream: No such file or directory in C:\\localhost\\pp_dz3_php\\index.php on line 128, referer: http://localhost/
[Tue Mar 12 21:58:44.972608 2024] [php:warn] [pid 10544:tid 1100] [client ::1:54267] PHP Warning:  file_get_contents($folder/$metaTxt): Failed to open stream: No such file or directory in C:\\localhost\\pp_dz3_php\\index.php on line 128, referer: http://localhost/
[Tue Mar 12 21:58:44.973607 2024] [php:warn] [pid 10544:tid 1100] [client ::1:54267] PHP Warning:  file_get_contents($folder/$metaTxt): Failed to open stream: No such file or directory in C:\\localhost\\pp_dz3_php\\index.php on line 128, referer: http://localhost/
[Tue Mar 12 21:58:44.973607 2024] [php:warn] [pid 10544:tid 1100] [client ::1:54267] PHP Warning:  file_get_contents($folder/$metaTxt): Failed to open stream: No such file or directory in C:\\localhost\\pp_dz3_php\\index.php on line 128, referer: http://localhost/
[Tue Mar 12 21:59:03.280961 2024] [php:error] [pid 10544:tid 1092] [client ::1:54268] PHP Fatal error:  Uncaught TypeError: Unsupported operand types: string / string in C:\\localhost\\pp_dz3_php\\index.php:128\nStack trace:\n#0 {main}\n  thrown in C:\\localhost\\pp_dz3_php\\index.php on line 128, referer: http://localhost/
[Tue Mar 12 21:59:58.974112 2024] [php:warn] [pid 10544:tid 1100] [client ::1:54272] PHP Warning:  file_get_contents($folder/$metaTxt): Failed to open stream: No such file or directory in C:\\localhost\\pp_dz3_php\\index.php on line 128, referer: http://localhost/
[Tue Mar 12 21:59:58.974112 2024] [php:warn] [pid 10544:tid 1100] [client ::1:54272] PHP Warning:  file_get_contents($folder/$metaTxt): Failed to open stream: No such file or directory in C:\\localhost\\pp_dz3_php\\index.php on line 128, referer: http://localhost/
[Tue Mar 12 21:59:58.975111 2024] [php:warn] [pid 10544:tid 1100] [client ::1:54272] PHP Warning:  file_get_contents($folder/$metaTxt): Failed to open stream: No such file or directory in C:\\localhost\\pp_dz3_php\\index.php on line 128, referer: http://localhost/
[Tue Mar 12 22:00:11.930416 2024] [php:warn] [pid 10544:tid 1092] [client ::1:54282] PHP Warning:  file_get_contents(meta.txt): Failed to open stream: No such file or directory in C:\\localhost\\pp_dz3_php\\index.php on line 128, referer: http://localhost/
[Tue Mar 12 22:00:11.931417 2024] [php:warn] [pid 10544:tid 1092] [client ::1:54282] PHP Warning:  file_get_contents(meta.txt): Failed to open stream: No such file or directory in C:\\localhost\\pp_dz3_php\\index.php on line 128, referer: http://localhost/
[Tue Mar 12 22:00:11.931417 2024] [php:warn] [pid 10544:tid 1092] [client ::1:54282] PHP Warning:  file_get_contents(meta.txt): Failed to open stream: No such file or directory in C:\\localhost\\pp_dz3_php\\index.php on line 128, referer: http://localhost/
[Tue Mar 12 22:00:21.937985 2024] [php:warn] [pid 10544:tid 1100] [client ::1:54285] PHP Warning:  file_get_contents(meta.txt): Failed to open stream: No such file or directory in C:\\localhost\\pp_dz3_php\\index.php on line 128, referer: http://localhost/
[Tue Mar 12 22:00:21.938985 2024] [php:warn] [pid 10544:tid 1100] [client ::1:54285] PHP Warning:  file_get_contents(meta.txt): Failed to open stream: No such file or directory in C:\\localhost\\pp_dz3_php\\index.php on line 128, referer: http://localhost/
[Tue Mar 12 22:00:21.938985 2024] [php:warn] [pid 10544:tid 1100] [client ::1:54285] PHP Warning:  file_get_contents(meta.txt): Failed to open stream: No such file or directory in C:\\localhost\\pp_dz3_php\\index.php on line 128, referer: http://localhost/
[Tue Mar 12 22:01:26.406536 2024] [php:warn] [pid 10544:tid 1100] [client ::1:54288] PHP Warning:  file_get_contents(meta.txt): Failed to open stream: No such file or directory in C:\\localhost\\pp_dz3_php\\index.php on line 128, referer: http://localhost/
[Tue Mar 12 22:01:26.407535 2024] [php:warn] [pid 10544:tid 1100] [client ::1:54288] PHP Warning:  file_get_contents(meta.txt): Failed to open stream: No such file or directory in C:\\localhost\\pp_dz3_php\\index.php on line 128, referer: http://localhost/
[Tue Mar 12 22:01:26.408534 2024] [php:warn] [pid 10544:tid 1100] [client ::1:54288] PHP Warning:  file_get_contents(meta.txt): Failed to open stream: No such file or directory in C:\\localhost\\pp_dz3_php\\index.php on line 128, referer: http://localhost/
[Tue Mar 12 22:01:38.567721 2024] [php:warn] [pid 10544:tid 1092] [client ::1:54287] PHP Warning:  file_get_contents(./$metaTxt): Failed to open stream: No such file or directory in C:\\localhost\\pp_dz3_php\\index.php on line 128, referer: http://localhost/
[Tue Mar 12 22:01:38.567721 2024] [php:warn] [pid 10544:tid 1092] [client ::1:54287] PHP Warning:  file_get_contents(./$metaTxt): Failed to open stream: No such file or directory in C:\\localhost\\pp_dz3_php\\index.php on line 128, referer: http://localhost/
[Tue Mar 12 22:01:38.568727 2024] [php:warn] [pid 10544:tid 1092] [client ::1:54287] PHP Warning:  file_get_contents(./$metaTxt): Failed to open stream: No such file or directory in C:\\localhost\\pp_dz3_php\\index.php on line 128, referer: http://localhost/
[Tue Mar 12 22:08:58.977465 2024] [php:warn] [pid 10544:tid 1100] [client ::1:54330] PHP Warning:  file_get_contents(/meta.txt): Failed to open stream: No such file or directory in C:\\localhost\\pp_dz3_php\\index.php on line 128, referer: http://localhost/
[Tue Mar 12 22:08:58.978464 2024] [php:warn] [pid 10544:tid 1100] [client ::1:54330] PHP Warning:  file_get_contents(/meta.txt): Failed to open stream: No such file or directory in C:\\localhost\\pp_dz3_php\\index.php on line 128, referer: http://localhost/
[Tue Mar 12 22:08:58.978464 2024] [php:warn] [pid 10544:tid 1100] [client ::1:54330] PHP Warning:  file_get_contents(/meta.txt): Failed to open stream: No such file or directory in C:\\localhost\\pp_dz3_php\\index.php on line 128, referer: http://localhost/
[Tue Mar 12 22:13:37.497439 2024] [php:warn] [pid 10544:tid 1088] [client ::1:54374] PHP Warning:  file_get_contents(C:\\localhost\\pp_dz3_php/meta.txt): Failed to open stream: No such file or directory in C:\\localhost\\pp_dz3_php\\index.php on line 128, referer: http://localhost/
[Tue Mar 12 22:13:37.497439 2024] [php:warn] [pid 10544:tid 1088] [client ::1:54374] PHP Warning:  file_get_contents(C:\\localhost\\pp_dz3_php/meta.txt): Failed to open stream: No such file or directory in C:\\localhost\\pp_dz3_php\\index.php on line 128, referer: http://localhost/
[Tue Mar 12 22:13:37.498438 2024] [php:warn] [pid 10544:tid 1088] [client ::1:54374] PHP Warning:  file_get_contents(C:\\localhost\\pp_dz3_php/meta.txt): Failed to open stream: No such file or directory in C:\\localhost\\pp_dz3_php\\index.php on line 128, referer: http://localhost/
[Tue Mar 12 22:15:20.968750 2024] [php:warn] [pid 10544:tid 1100] [client ::1:54378] PHP Warning:  file_get_contents(C:\\localhost\\pp_dz3_phpbook1/meta.txt): Failed to open stream: No such file or directory in C:\\localhost\\pp_dz3_php\\index.php on line 128, referer: http://localhost/
[Tue Mar 12 22:15:20.969749 2024] [php:warn] [pid 10544:tid 1100] [client ::1:54378] PHP Warning:  file_get_contents(C:\\localhost\\pp_dz3_phpcomics1/meta.txt): Failed to open stream: No such file or directory in C:\\localhost\\pp_dz3_php\\index.php on line 128, referer: http://localhost/
[Tue Mar 12 22:15:20.969749 2024] [php:warn] [pid 10544:tid 1100] [client ::1:54378] PHP Warning:  file_get_contents(C:\\localhost\\pp_dz3_phpfiction1/meta.txt): Failed to open stream: No such file or directory in C:\\localhost\\pp_dz3_php\\index.php on line 128, referer: http://localhost/
[Tue Mar 12 22:15:51.857531 2024] [php:warn] [pid 10544:tid 1088] [client ::1:54379] PHP Warning:  file_get_contents(C:\\localhost\\pp_dz3_php$folder/meta.txt): Failed to open stream: No such file or directory in C:\\localhost\\pp_dz3_php\\index.php on line 128, referer: http://localhost/
[Tue Mar 12 22:15:51.858531 2024] [php:warn] [pid 10544:tid 1088] [client ::1:54379] PHP Warning:  file_get_contents(C:\\localhost\\pp_dz3_php$folder/meta.txt): Failed to open stream: No such file or directory in C:\\localhost\\pp_dz3_php\\index.php on line 128, referer: http://localhost/
[Tue Mar 12 22:15:51.858531 2024] [php:warn] [pid 10544:tid 1088] [client ::1:54379] PHP Warning:  file_get_contents(C:\\localhost\\pp_dz3_php$folder/meta.txt): Failed to open stream: No such file or directory in C:\\localhost\\pp_dz3_php\\index.php on line 128, referer: http://localhost/
[Tue Mar 12 22:16:14.669863 2024] [php:warn] [pid 10544:tid 1100] [client ::1:54380] PHP Warning:  file_get_contents(C:\\localhost\\pp_dz3_phpbook1/meta.txt): Failed to open stream: No such file or directory in C:\\localhost\\pp_dz3_php\\index.php on line 128, referer: http://localhost/
[Tue Mar 12 22:16:14.669863 2024] [php:warn] [pid 10544:tid 1100] [client ::1:54380] PHP Warning:  file_get_contents(C:\\localhost\\pp_dz3_phpbook1/meta.txt): Failed to open stream: No such file or directory in C:\\localhost\\pp_dz3_php\\index.php on line 128, referer: http://localhost/
[Tue Mar 12 22:16:14.670863 2024] [php:warn] [pid 10544:tid 1100] [client ::1:54380] PHP Warning:  file_get_contents(C:\\localhost\\pp_dz3_phpbook1/meta.txt): Failed to open stream: No such file or directory in C:\\localhost\\pp_dz3_php\\index.php on line 128, referer: http://localhost/
[Tue Mar 12 22:17:45.292774 2024] [php:warn] [pid 10544:tid 1088] [client ::1:54383] PHP Warning:  file_get_contents(/book1/meta.txt): Failed to open stream: No such file or directory in C:\\localhost\\pp_dz3_php\\index.php on line 128, referer: http://localhost/
[Tue Mar 12 22:17:45.292774 2024] [php:warn] [pid 10544:tid 1088] [client ::1:54383] PHP Warning:  file_get_contents(/book1/meta.txt): Failed to open stream: No such file or directory in C:\\localhost\\pp_dz3_php\\index.php on line 128, referer: http://localhost/
[Tue Mar 12 22:17:45.293773 2024] [php:warn] [pid 10544:tid 1088] [client ::1:54383] PHP Warning:  file_get_contents(/book1/meta.txt): Failed to open stream: No such file or directory in C:\\localhost\\pp_dz3_php\\index.php on line 128, referer: http://localhost/
[Tue Mar 12 22:19:48.548536 2024] [php:warn] [pid 10544:tid 1088] [client ::1:54387] PHP Warning:  file_get_contents(C:\\localhost\\pp_dz3_php/$folder/meta.txt): Failed to open stream: No such file or directory in C:\\localhost\\pp_dz3_php\\index.php on line 128, referer: http://localhost/
[Tue Mar 12 22:19:48.548536 2024] [php:warn] [pid 10544:tid 1088] [client ::1:54387] PHP Warning:  file_get_contents(C:\\localhost\\pp_dz3_php/$folder/meta.txt): Failed to open stream: No such file or directory in C:\\localhost\\pp_dz3_php\\index.php on line 128, referer: http://localhost/
[Tue Mar 12 22:19:48.549536 2024] [php:warn] [pid 10544:tid 1088] [client ::1:54387] PHP Warning:  file_get_contents(C:\\localhost\\pp_dz3_php/$folder/meta.txt): Failed to open stream: No such file or directory in C:\\localhost\\pp_dz3_php\\index.php on line 128, referer: http://localhost/
[Tue Mar 12 22:22:53.340168 2024] [mpm_winnt:notice] [pid 4232:tid 424] AH00422: Parent: Received shutdown signal -- Shutting down the server.
[Tue Mar 12 22:22:55.371487 2024] [mpm_winnt:notice] [pid 10544:tid 428] AH00364: Child: All worker threads have exited.
[Tue Mar 12 22:22:55.402738 2024] [mpm_winnt:notice] [pid 4232:tid 424] AH00430: Parent: Child process 10544 exited successfully.
[Sun Mar 17 20:43:29.792565 2024] [mpm_winnt:notice] [pid 6908:tid 160] AH00455: Apache/2.4.58 (Win64) PHP/8.3.3 configured -- resuming normal operations
[Sun Mar 17 20:43:29.792565 2024] [mpm_winnt:notice] [pid 6908:tid 160] AH00456: Apache Lounge VS17 Server built: Jan 30 2024 19:01:23
[Sun Mar 17 20:43:29.792565 2024] [core:notice] [pid 6908:tid 160] AH00094: Command line: 'C:\\Apache24\\bin\\httpd.exe -d C:/Apache24'
[Sun Mar 17 20:43:29.808190 2024] [mpm_winnt:notice] [pid 6908:tid 160] AH00418: Parent: Created child process 8768
Apache server shutdown initiated...
pm_winnt:notice] [pid 8768:tid 428] AH00354: Child: Starting 64 worker threads.
[Sun Mar 17 21:55:58.311808 2024] [mpm_winnt:notice] [pid 6908:tid 160] AH00422: Parent: Received shutdown signal -- Shutting down the server.
[Sun Mar 17 21:56:00.358620 2024] [mpm_winnt:notice] [pid 8768:tid 428] AH00364: Child: All worker threads have exited.
[Sun Mar 17 21:56:00.405494 2024] [mpm_winnt:notice] [pid 6908:tid 160] AH00430: Parent: Child process 8768 exited successfully.
[Wed Mar 20 19:13:27.188747 2024] [mpm_winnt:notice] [pid 10160:tid 432] AH00455: Apache/2.4.58 (Win64) PHP/8.3.3 configured -- resuming normal operations
[Wed Mar 20 19:13:27.188747 2024] [mpm_winnt:notice] [pid 10160:tid 432] AH00456: Apache Lounge VS17 Server built: Jan 30 2024 19:01:23
[Wed Mar 20 19:13:27.188747 2024] [core:notice] [pid 10160:tid 432] AH00094: Command line: 'C:\\Apache24\\bin\\httpd.exe -d C:/Apache24'
[Wed Mar 20 19:13:27.188747 2024] [mpm_winnt:notice] [pid 10160:tid 432] AH00418: Parent: Created child process 6868
[Wed Mar 20 19:13:27.906417 2024] [mpm_winnt:notice] [pid 6868:tid 456] AH00354: Child: Starting 64 worker threads.
