::1 - - [16/Feb/2024:00:29:35 +0300] "GET /index.php HTTP/1.1" 200 76281
::1 - - [16/Feb/2024:13:28:50 +0300] "GET / HTTP/1.1" 200 -
::1 - - [16/Feb/2024:13:28:50 +0300] "GET /favicon.ico HTTP/1.1" 404 196
::1 - - [16/Feb/2024:13:29:02 +0300] "GET / HTTP/1.1" 304 -
::1 - - [16/Feb/2024:13:29:19 +0300] "GET / HTTP/1.1" 304 -
::1 - - [16/Feb/2024:13:29:30 +0300] "GET /index.html HTTP/1.1" 200 -
::1 - - [16/Feb/2024:13:29:59 +0300] "GET /index.html HTTP/1.1" 200 411
::1 - - [16/Feb/2024:13:30:13 +0300] "GET / HTTP/1.1" 200 411
::1 - - [16/Feb/2024:13:30:30 +0300] "POST /display.php HTTP/1.1" 200 29
::1 - - [16/Feb/2024:13:31:30 +0300] "-" 408 -
::1 - - [16/Feb/2024:13:31:33 +0300] "POST /display.php HTTP/1.1" 200 29
::1 - - [16/Feb/2024:13:32:33 +0300] "-" 408 -
::1 - - [16/Feb/2024:13:38:47 +0300] "GET / HTTP/1.1" 304 -
::1 - - [16/Feb/2024:13:38:57 +0300] "POST /display.php HTTP/1.1" 200 1
::1 - - [16/Feb/2024:13:39:57 +0300] "-" 408 -
::1 - - [16/Feb/2024:13:40:04 +0300] "-" 408 -
::1 - - [16/Feb/2024:13:53:37 +0300] "GET / HTTP/1.1" 304 -
::1 - - [16/Feb/2024:13:53:44 +0300] "POST /display.php HTTP/1.1" 200 144
::1 - - [16/Feb/2024:13:53:56 +0300] "GET / HTTP/1.1" 304 -
::1 - - [16/Feb/2024:13:54:55 +0300] "-" 408 -
::1 - - [16/Feb/2024:13:59:00 +0300] "POST /display.php HTTP/1.1" 200 245
::1 - - [16/Feb/2024:13:59:20 +0300] "GET / HTTP/1.1" 304 -
::1 - - [16/Feb/2024:14:00:18 +0300] "-" 408 -
::1 - - [16/Feb/2024:14:01:28 +0300] "POST /display.php HTTP/1.1" 200 442
::1 - - [16/Feb/2024:14:02:00 +0300] "POST /display.php HTTP/1.1" 200 208
::1 - - [16/Feb/2024:14:02:37 +0300] "GET / HTTP/1.1" 304 -
::1 - - [16/Feb/2024:14:02:41 +0300] "POST /display.php HTTP/1.1" 200 182
::1 - - [16/Feb/2024:14:03:04 +0300] "POST /display.php HTTP/1.1" 200 189
::1 - - [16/Feb/2024:14:03:53 +0300] "POST /display.php HTTP/1.1" 200 189
::1 - - [16/Feb/2024:14:04:53 +0300] "-" 408 -
::1 - - [16/Feb/2024:14:05:10 +0300] "POST /display.php HTTP/1.1" 200 273
::1 - - [16/Feb/2024:14:06:08 +0300] "-" 408 -
::1 - - [16/Feb/2024:14:17:54 +0300] "POST /display.php HTTP/1.1" 200 507
::1 - - [16/Feb/2024:14:18:47 +0300] "-" 408 -
::1 - - [16/Feb/2024:14:19:05 +0300] "-" 408 -
::1 - - [16/Feb/2024:14:20:53 +0300] "POST /display.php HTTP/1.1" 200 417
::1 - - [16/Feb/2024:14:21:27 +0300] "POST /display.php HTTP/1.1" 200 300
::1 - - [16/Feb/2024:14:21:47 +0300] "POST /display.php HTTP/1.1" 200 360
::1 - - [16/Feb/2024:14:22:00 +0300] "POST /display.php HTTP/1.1" 200 360
::1 - - [16/Feb/2024:14:22:59 +0300] "-" 408 -
::1 - - [16/Feb/2024:14:23:26 +0300] "POST /display.php HTTP/1.1" 200 380
::1 - - [16/Feb/2024:14:24:26 +0300] "-" 408 -
::1 - - [16/Feb/2024:14:24:53 +0300] "POST /display.php HTTP/1.1" 200 532
::1 - - [16/Feb/2024:14:25:49 +0300] "-" 408 -
::1 - - [16/Feb/2024:14:27:22 +0300] "GET / HTTP/1.1" 200 400
::1 - - [16/Feb/2024:14:27:24 +0300] "POST /display.php HTTP/1.1" 200 111
::1 - - [16/Feb/2024:14:28:22 +0300] "-" 408 -
::1 - - [16/Feb/2024:14:28:58 +0300] "POST /display.php HTTP/1.1" 200 482
::1 - - [16/Feb/2024:14:29:54 +0300] "-" 408 -
::1 - - [16/Feb/2024:14:31:05 +0300] "POST /display.php HTTP/1.1" 200 234
::1 - - [16/Feb/2024:14:32:05 +0300] "-" 408 -
::1 - - [16/Feb/2024:14:35:08 +0300] "POST /display.php HTTP/1.1" 200 199
::1 - - [16/Feb/2024:14:36:06 +0300] "-" 408 -
::1 - - [16/Feb/2024:14:36:08 +0300] "POST /display.php HTTP/1.1" 200 171
::1 - - [16/Feb/2024:14:36:46 +0300] "POST /display.php HTTP/1.1" 200 234
::1 - - [16/Feb/2024:14:37:46 +0300] "-" 408 -
::1 - - [16/Feb/2024:14:40:01 +0300] "POST /display.php HTTP/1.1" 200 867
::1 - - [16/Feb/2024:14:41:01 +0300] "-" 408 -
::1 - - [16/Feb/2024:14:41:20 +0300] "-" 408 -
::1 - - [16/Feb/2024:14:42:51 +0300] "POST /display.php HTTP/1.1" 200 158
::1 - - [16/Feb/2024:14:43:51 +0300] "-" 408 -
::1 - - [16/Feb/2024:14:44:54 +0300] "POST /display.php HTTP/1.1" 200 531
::1 - - [16/Feb/2024:14:45:53 +0300] "-" 408 -
::1 - - [16/Feb/2024:14:46:01 +0300] "POST /display.php HTTP/1.1" 200 531
::1 - - [16/Feb/2024:14:46:36 +0300] "POST /display.php HTTP/1.1" 200 535
::1 - - [16/Feb/2024:14:47:35 +0300] "-" 408 -
::1 - - [16/Feb/2024:14:49:03 +0300] "POST /display.php HTTP/1.1" 200 616
::1 - - [16/Feb/2024:14:50:03 +0300] "-" 408 -
::1 - - [16/Feb/2024:14:50:47 +0300] "POST /display.php HTTP/1.1" 200 688
::1 - - [16/Feb/2024:14:51:47 +0300] "-" 408 -
::1 - - [16/Feb/2024:14:55:38 +0300] "POST /display.php HTTP/1.1" 200 185
::1 - - [16/Feb/2024:14:56:22 +0300] "POST /display.php HTTP/1.1" 200 634
::1 - - [16/Feb/2024:14:56:47 +0300] "POST /display.php HTTP/1.1" 200 634
::1 - - [16/Feb/2024:14:57:06 +0300] "POST /display.php HTTP/1.1" 200 634
::1 - - [16/Feb/2024:14:58:06 +0300] "-" 408 -
::1 - - [16/Feb/2024:14:59:53 +0300] "-" 408 -
::1 - - [16/Feb/2024:14:59:53 +0300] "-" 408 -
::1 - - [16/Feb/2024:15:01:15 +0300] "POST /display.php HTTP/1.1" 200 733
::1 - - [16/Feb/2024:15:02:15 +0300] "-" 408 -
::1 - - [16/Feb/2024:15:02:50 +0300] "POST /display.php HTTP/1.1" 200 183
::1 - - [16/Feb/2024:15:03:05 +0300] "POST /display.php HTTP/1.1" 200 733
::1 - - [16/Feb/2024:15:04:05 +0300] "-" 408 -
::1 - - [16/Feb/2024:15:04:49 +0300] "POST /display.php HTTP/1.1" 200 730
::1 - - [16/Feb/2024:15:05:26 +0300] "POST /display.php HTTP/1.1" 200 810
::1 - - [16/Feb/2024:15:06:23 +0300] "-" 408 -
::1 - - [16/Feb/2024:15:06:50 +0300] "POST /display.php HTTP/1.1" 200 954
::1 - - [16/Feb/2024:15:07:17 +0300] "POST /display.php HTTP/1.1" 200 964
::1 - - [16/Feb/2024:15:07:28 +0300] "POST /display.php HTTP/1.1" 200 964
::1 - - [16/Feb/2024:15:08:28 +0300] "-" 408 -
::1 - - [16/Feb/2024:15:08:37 +0300] "POST /display.php HTTP/1.1" 200 973
::1 - - [16/Feb/2024:15:08:57 +0300] "POST /display.php HTTP/1.1" 200 973
::1 - - [16/Feb/2024:15:09:14 +0300] "POST /display.php HTTP/1.1" 200 971
::1 - - [16/Feb/2024:15:09:41 +0300] "POST /display.php HTTP/1.1" 200 973
::1 - - [16/Feb/2024:15:10:01 +0300] "POST /display.php HTTP/1.1" 200 974
::1 - - [16/Feb/2024:15:10:34 +0300] "POST /display.php HTTP/1.1" 200 971
::1 - - [16/Feb/2024:15:10:56 +0300] "POST /display.php HTTP/1.1" 200 974
::1 - - [16/Feb/2024:15:11:05 +0300] "POST /display.php HTTP/1.1" 200 974
::1 - - [16/Feb/2024:15:11:24 +0300] "POST /display.php HTTP/1.1" 200 976
::1 - - [16/Feb/2024:15:12:23 +0300] "-" 408 -
::1 - - [16/Feb/2024:15:14:06 +0300] "-" 408 -
::1 - - [16/Feb/2024:15:14:06 +0300] "-" 408 -
::1 - - [16/Feb/2024:15:15:44 +0300] "GET / HTTP/1.1" 200 636
::1 - - [16/Feb/2024:15:16:44 +0300] "-" 408 -
::1 - - [16/Feb/2024:15:24:18 +0300] "POST /display.php HTTP/1.1" 200 642
::1 - - [16/Feb/2024:15:25:18 +0300] "-" 408 -
::1 - - [16/Feb/2024:15:25:22 +0300] "POST /display.php HTTP/1.1" 200 558
::1 - - [16/Feb/2024:15:26:22 +0300] "-" 408 -
::1 - - [16/Feb/2024:15:26:38 +0300] "-" 408 -
::1 - - [16/Feb/2024:15:26:53 +0300] "POST /display.php HTTP/1.1" 200 570
::1 - - [16/Feb/2024:15:27:09 +0300] "POST /display.php HTTP/1.1" 200 662
::1 - - [16/Feb/2024:15:27:39 +0300] "POST /display.php HTTP/1.1" 200 661
::1 - - [16/Feb/2024:15:27:55 +0300] "POST /display.php HTTP/1.1" 200 661
::1 - - [16/Feb/2024:15:28:01 +0300] "POST /display.php HTTP/1.1" 200 721
::1 - - [16/Feb/2024:15:28:14 +0300] "POST /display.php HTTP/1.1" 200 722
::1 - - [16/Feb/2024:15:28:34 +0300] "POST /display.php HTTP/1.1" 200 722
::1 - - [16/Feb/2024:15:28:54 +0300] "POST /display.php HTTP/1.1" 200 964
::1 - - [16/Feb/2024:15:29:19 +0300] "POST /display.php HTTP/1.1" 200 967
::1 - - [16/Feb/2024:15:29:33 +0300] "POST /display.php HTTP/1.1" 200 965
::1 - - [16/Feb/2024:15:29:56 +0300] "POST /display.php HTTP/1.1" 200 955
::1 - - [16/Feb/2024:15:30:14 +0300] "POST /display.php HTTP/1.1" 200 955
::1 - - [16/Feb/2024:15:30:30 +0300] "POST /display.php HTTP/1.1" 200 913
::1 - - [16/Feb/2024:15:31:26 +0300] "POST /display.php HTTP/1.1" 200 913
::1 - - [16/Feb/2024:15:31:33 +0300] "POST /display.php HTTP/1.1" 200 871
::1 - - [16/Feb/2024:15:31:37 +0300] "POST /display.php HTTP/1.1" 200 825
::1 - - [16/Feb/2024:15:31:48 +0300] "POST /display.php HTTP/1.1" 200 825
::1 - - [16/Feb/2024:15:32:13 +0300] "POST /display.php HTTP/1.1" 200 797
::1 - - [16/Feb/2024:15:32:18 +0300] "POST /display.php HTTP/1.1" 200 829
::1 - - [16/Feb/2024:15:32:24 +0300] "POST /display.php HTTP/1.1" 200 853
::1 - - [16/Feb/2024:15:33:24 +0300] "-" 408 -
